<?xml version="1.0" encoding="UTF-8"?>
<testng-results ignored="0" total="1" passed="1" failed="0" skipped="0">
  <reporter-output>
  </reporter-output>
  <suite started-at="2021-10-18T16:04:11 CEST" name="Default suite" finished-at="2021-10-18T16:04:34 CEST" duration-ms="22683">
    <groups>
      <group name="cucumber">
        <method signature="AbstractTestNGCucumberTests.runScenario(io.cucumber.testng.PickleWrapper, io.cucumber.testng.FeatureWrapper)[pri:0, instance:runner.webMentionRunner@5562c41e]" name="runScenario" class="io.cucumber.testng.AbstractTestNGCucumberTests"/>
      </group> <!-- cucumber -->
    </groups>
    <test started-at="2021-10-18T16:04:11 CEST" name="Default test" finished-at="2021-10-18T16:04:34 CEST" duration-ms="22683">
      <class name="runner.webMentionRunner">
        <test-method is-config="true" signature="setUpClass()[pri:0, instance:runner.webMentionRunner@5562c41e]" started-at="2021-10-18T16:04:11 CEST" name="setUpClass" finished-at="2021-10-18T16:04:12 CEST" duration-ms="727" status="PASS">
          <reporter-output>
          </reporter-output>
        </test-method> <!-- setUpClass -->
        <test-method signature="runScenario(io.cucumber.testng.PickleWrapper, io.cucumber.testng.FeatureWrapper)[pri:0, instance:runner.webMentionRunner@5562c41e]" started-at="2021-10-18T16:04:12 CEST" name="runScenario" description="Runs Cucumber Scenarios" data-provider="scenarios" finished-at="2021-10-18T16:04:33 CEST" duration-ms="21234" status="PASS">
          <params>
            <param index="0">
              <value>
                <![CDATA["Automate Test Scenario of a Web Application"]]>
              </value>
            </param>
            <param index="1">
              <value>
                <![CDATA["Optional[The goal of this challenge is to automate a test scenario for the web application at web.mention.com]"]]>
              </value>
            </param>
          </params>
          <reporter-output>
          </reporter-output>
        </test-method> <!-- runScenario -->
        <test-method is-config="true" signature="tearDownClass()[pri:0, instance:runner.webMentionRunner@5562c41e]" started-at="2021-10-18T16:04:33 CEST" name="tearDownClass" finished-at="2021-10-18T16:04:34 CEST" duration-ms="657" status="PASS">
          <reporter-output>
          </reporter-output>
        </test-method> <!-- tearDownClass -->
      </class> <!-- runner.webMentionRunner -->
    </test> <!-- Default test -->
  </suite> <!-- Default suite -->
</testng-results>
